<?xml version="1.0" encoding="UTF-8"?>
<testsuite name="utn.methodology.UserCreationPostTest" tests="2" skipped="0" failures="0" errors="0" timestamp="2024-11-11T20:43:17" hostname="MAT20" time="0.007">
  <properties/>
  <testcase name="create_post_should_returns_201" classname="utn.methodology.UserCreationPostTest" time="0.006"/>
  <testcase name="create_post_should_returns_400" classname="utn.methodology.UserCreationPostTest" time="0.0"/>
  <system-out><![CDATA[]]></system-out>
  <system-err><![CDATA[]]></system-err>
</testsuite>
